<?xml version="1.0" encoding="UTF-8"?>
<!-- Generated by org.testng.reporters.JUnitReportReporter -->
<testsuite hostname="LAPTOP-K8E9T8P4" name="sep8.Orangehrm" tests="11" failures="0" timestamp="13 Sep 2022 06:19:16 GMT" time="96.963" errors="0">
  <testcase name="maintance" time="6.479" classname="sep8.Orangehrm"/>
  <testcase name="perfomance" time="5.136" classname="sep8.Orangehrm"/>
  <testcase name="myBuzz" time="7.158" classname="sep8.Orangehrm"/>
  <testcase name="login" time="7.990" classname="sep8.Orangehrm"/>
  <testcase name="mycustomer" time="7.320" classname="sep8.Orangehrm"/>
  <testcase name="user" time="25.794" classname="sep8.Orangehrm"/>
  <testcase name="qedge" time="6.249" classname="sep8.Orangehrm"/>
  <testcase name="myinfo" time="6.748" classname="sep8.Orangehrm"/>
  <testcase name="myTime" time="7.113" classname="sep8.Orangehrm"/>
  <testcase name="myholiday" time="6.869" classname="sep8.Orangehrm"/>
  <testcase name="myclass" time="10.107" classname="sep8.Orangehrm"/>
</testsuite> <!-- sep8.Orangehrm -->
