<?xml version="1.0" encoding="UTF-8"?>
<!-- Generated by org.testng.reporters.JUnitReportReporter -->
<testsuite hostname="LAPTOP-K8E9T8P4" name="sep6.FirstTestNGclass" tests="3" failures="0" timestamp="8 Sep 2022 08:57:07 GMT" time="16.849" errors="0">
  <testcase name="ibanking" time="5.272" classname="sep6.FirstTestNGclass"/>
  <testcase name="cbanking" time="5.513" classname="sep6.FirstTestNGclass"/>
  <testcase name="pbanking" time="6.064" classname="sep6.FirstTestNGclass"/>
</testsuite> <!-- sep6.FirstTestNGclass -->
