<?xml version="1.0" encoding="UTF-8"?>
<!-- Generated by org.testng.reporters.JUnitReportReporter -->
<testsuite hostname="LAPTOP-K8E9T8P4" name="sep8.PrimProject" tests="1" failures="0" timestamp="11 Sep 2022 04:57:39 GMT" time="16.559" errors="0">
  <testcase name="login" time="16.559" classname="sep8.PrimProject"/>
</testsuite> <!-- sep8.PrimProject -->
