<?xml version="1.0" encoding="UTF-8"?>
<!-- Generated by org.testng.reporters.JUnitReportReporter -->
<testsuite hostname="LAPTOP-K8E9T8P4" name="sep_7.SecondTestNGClass" tests="3" failures="0" timestamp="8 Sep 2022 08:57:07 GMT" time="43.026" errors="0">
  <testcase name="mutiplication" time="11.038" classname="sep_7.SecondTestNGClass"/>
  <testcase name="addition" time="20.002" classname="sep_7.SecondTestNGClass"/>
  <testcase name="division" time="11.986" classname="sep_7.SecondTestNGClass"/>
</testsuite> <!-- sep_7.SecondTestNGClass -->
